[0423/223535.538:ERROR:process_memory_win.cc(73)] ReadMemory at 0x1240000 of 64 bytes failed: Only part of a ReadProcessMemory or WriteProcessMemory request was completed. (0x12B)
[0423/223536.818:WARNING:pe_image_reader.cc(340)] could not read dos header from C:\Program Files\Google\Chrome\Application\chrome.exe
[0423/223536.818:ERROR:process_memory_win.cc(73)] ReadMemory at 0x77360000 of 64 bytes failed: Only part of a ReadProcessMemory or WriteProcessMemory request was completed. (0x12B)
[0423/223536.819:WARNING:pe_image_reader.cc(340)] could not read dos header from C:\Windows\SYSTEM32\ntdll.dll
[0423/223536.819:ERROR:process_memory_win.cc(73)] ReadMemory at 0x75a50000 of 64 bytes failed: Only part of a ReadProcessMemory or WriteProcessMemory request was completed. (0x12B)
[0423/223536.980:WARNING:pe_image_reader.cc(340)] could not read dos header from C:\Windows\system32\kernel32.dll
[0423/223536.980:ERROR:process_memory_win.cc(73)] ReadMemory at 0x75610000 of 64 bytes failed: Only part of a ReadProcessMemory or WriteProcessMemory request was completed. (0x12B)
[0423/223536.980:WARNING:pe_image_reader.cc(340)] could not read dos header from C:\Windows\system32\KERNELBASE.dll
[0423/223536.980:ERROR:process_memory_win.cc(73)] ReadMemory at 0x68d40000 of 64 bytes failed: Only part of a ReadProcessMemory or WriteProcessMemory request was completed. (0x12B)
[0423/223536.980:WARNING:pe_image_reader.cc(340)] could not read dos header from C:\Program Files\Google\Chrome\Application\73.0.3683.103\chrome_elf.dll
[0423/223536.980:ERROR:process_memory_win.cc(73)] ReadMemory at 0x749b0000 of 64 bytes failed: Only part of a ReadProcessMemory or WriteProcessMemory request was completed. (0x12B)
[0423/223536.980:WARNING:pe_image_reader.cc(340)] could not read dos header from C:\Windows\system32\VERSION.dll
[0423/223536.980:ERROR:process_memory_win.cc(73)] ReadMemory at 0x76c60000 of 64 bytes failed: Only part of a ReadProcessMemory or WriteProcessMemory request was completed. (0x12B)
[0423/223536.980:WARNING:pe_image_reader.cc(340)] could not read dos header from C:\Windows\system32\msvcrt.dll
[0423/223536.980:ERROR:process_memory_win.cc(73)] ReadMemory at 0x75b70000 of 64 bytes failed: Only part of a ReadProcessMemory or WriteProcessMemory request was completed. (0x12B)
[0423/223536.980:WARNING:pe_image_reader.cc(340)] could not read dos header from C:\Windows\system32\SHELL32.dll
[0423/223536.981:ERROR:process_memory_win.cc(73)] ReadMemory at 0x77010000 of 64 bytes failed: Only part of a ReadProcessMemory or WriteProcessMemory request was completed. (0x12B)
[0423/223536.981:WARNING:pe_image_reader.cc(340)] could not read dos header from C:\Windows\system32\SHLWAPI.dll
[0423/223536.981:ERROR:process_memory_win.cc(73)] ReadMemory at 0x76c10000 of 64 bytes failed: Only part of a ReadProcessMemory or WriteProcessMemory request was completed. (0x12B)
[0423/223536.981:WARNING:pe_image_reader.cc(340)] could not read dos header from C:\Windows\system32\GDI32.dll
[0423/223536.981:ERROR:process_memory_win.cc(73)] ReadMemory at 0x76d10000 of 64 bytes failed: Only part of a ReadProcessMemory or WriteProcessMemory request was completed. (0x12B)
[0423/223536.981:WARNING:pe_image_reader.cc(340)] could not read dos header from C:\Windows\system32\USER32.dll
[0423/223536.981:ERROR:process_memory_win.cc(73)] ReadMemory at 0x75b40000 of 64 bytes failed: Only part of a ReadProcessMemory or WriteProcessMemory request was completed. (0x12B)
[0423/223536.981:WARNING:pe_image_reader.cc(340)] could not read dos header from C:\Windows\system32\LPK.dll
[0423/223536.981:ERROR:process_memory_win.cc(73)] ReadMemory at 0x759b0000 of 64 bytes failed: Only part of a ReadProcessMemory or WriteProcessMemory request was completed. (0x12B)
[0423/223536.981:WARNING:pe_image_reader.cc(340)] could not read dos header from C:\Windows\system32\USP10.dll
[0423/223536.981:ERROR:process_memory_win.cc(73)] ReadMemory at 0x769d0000 of 64 bytes failed: Only part of a ReadProcessMemory or WriteProcessMemory request was completed. (0x12B)
[0423/223536.981:WARNING:pe_image_reader.cc(340)] could not read dos header from C:\Windows\system32\ADVAPI32.dll
[0423/223537.225:ERROR:process_memory_win.cc(73)] ReadMemory at 0x769b0000 of 64 bytes failed: Only part of a ReadProcessMemory or WriteProcessMemory request was completed. (0x12B)
[0423/223537.225:WARNING:pe_image_reader.cc(340)] could not read dos header from C:\Windows\SYSTEM32\sechost.dll
[0423/223537.225:ERROR:process_memory_win.cc(73)] ReadMemory at 0x76900000 of 64 bytes failed: Only part of a ReadProcessMemory or WriteProcessMemory request was completed. (0x12B)
[0423/223537.225:WARNING:pe_image_reader.cc(340)] could not read dos header from C:\Windows\system32\RPCRT4.dll
[0423/223537.225:ERROR:process_memory_win.cc(73)] ReadMemory at 0x71350000 of 64 bytes failed: Only part of a ReadProcessMemory or WriteProcessMemory request was completed. (0x12B)
[0423/223537.225:WARNING:pe_image_reader.cc(340)] could not read dos header from C:\Windows\system32\WINMM.dll
[0423/223537.225:ERROR:process_memory_win.cc(73)] ReadMemory at 0x74b10000 of 64 bytes failed: Only part of a ReadProcessMemory or WriteProcessMemory request was completed. (0x12B)
[0423/223537.225:WARNING:pe_image_reader.cc(340)] could not read dos header from C:\Windows\system32\USERENV.dll
[0423/223537.225:ERROR:process_memory_win.cc(73)] ReadMemory at 0x754b0000 of 64 bytes failed: Only part of a ReadProcessMemory or WriteProcessMemory request was completed. (0x12B)
[0423/223537.225:WARNING:pe_image_reader.cc(340)] could not read dos header from C:\Windows\system32\profapi.dll
[0423/223537.225:ERROR:process_memory_win.cc(73)] ReadMemory at 0x75b50000 of 64 bytes failed: Only part of a ReadProcessMemory or WriteProcessMemory request was completed. (0x12B)
[0423/223537.225:WARNING:pe_image_reader.cc(340)] could not read dos header from C:\Windows\system32\IMM32.DLL
[0423/223537.226:ERROR:process_memory_win.cc(73)] ReadMemory at 0x76a70000 of 64 bytes failed: Only part of a ReadProcessMemory or WriteProcessMemory request was completed. (0x12B)
[0423/223537.226:WARNING:pe_image_reader.cc(340)] could not read dos header from C:\Windows\system32\MSCTF.dll
[0423/223537.226:ERROR:process_memory_win.cc(73)] ReadMemory at 0x609b0000 of 64 bytes failed: Only part of a ReadProcessMemory or WriteProcessMemory request was completed. (0x12B)
[0423/223537.226:WARNING:pe_image_reader.cc(340)] could not read dos header from C:\Program Files\Google\Chrome\Application\73.0.3683.103\chrome_child.dll
[0423/223537.226:ERROR:process_memory_win.cc(73)] ReadMemory at 0x76bd0000 of 64 bytes failed: Only part of a ReadProcessMemory or WriteProcessMemory request was completed. (0x12B)
[0423/223537.226:WARNING:pe_image_reader.cc(340)] could not read dos header from C:\Windows\system32\WS2_32.dll
[0423/223537.226:ERROR:process_memory_win.cc(73)] ReadMemory at 0x75b30000 of 64 bytes failed: Only part of a ReadProcessMemory or WriteProcessMemory request was completed. (0x12B)
[0423/223537.226:WARNING:pe_image_reader.cc(340)] could not read dos header from C:\Windows\system32\NSI.dll
[0423/223537.226:ERROR:process_memory_win.cc(73)] ReadMemory at 0x73870000 of 64 bytes failed: Only part of a ReadProcessMemory or WriteProcessMemory request was completed. (0x12B)
[0423/223537.226:WARNING:pe_image_reader.cc(340)] could not read dos header from C:\Windows\system32\IPHLPAPI.DLL
[0423/223537.226:ERROR:process_memory_win.cc(73)] ReadMemory at 0x73850000 of 64 bytes failed: Only part of a ReadProcessMemory or WriteProcessMemory request was completed. (0x12B)
[0423/223537.226:WARNING:pe_image_reader.cc(340)] could not read dos header from C:\Windows\system32\WINNSI.DLL
[0423/223537.226:ERROR:process_memory_win.cc(73)] ReadMemory at 0x77200000 of 64 bytes failed: Only part of a ReadProcessMemory or WriteProcessMemory request was completed. (0x12B)
[0423/223537.226:WARNING:pe_image_reader.cc(340)] could not read dos header from C:\Windows\system32\ole32.dll
[0423/223537.226:ERROR:process_memory_win.cc(73)] ReadMemory at 0x76f80000 of 64 bytes failed: Only part of a ReadProcessMemory or WriteProcessMemory request was completed. (0x12B)
[0423/223537.227:WARNING:pe_image_reader.cc(340)] could not read dos header from C:\Windows\system32\OLEAUT32.dll
[0423/223537.227:ERROR:process_memory_win.cc(73)] ReadMemory at 0x72fa0000 of 64 bytes failed: Only part of a ReadProcessMemory or WriteProcessMemory request was completed. (0x12B)
[0423/223537.227:WARNING:pe_image_reader.cc(340)] could not read dos header from C:\Windows\system32\OLEACC.dll
[0423/223537.227:ERROR:process_memory_win.cc(73)] ReadMemory at 0x75780000 of 64 bytes failed: Only part of a ReadProcessMemory or WriteProcessMemory request was completed. (0x12B)
[0423/223537.227:WARNING:pe_image_reader.cc(340)] could not read dos header from C:\Windows\system32\WINTRUST.dll
[0423/223537.227:ERROR:process_memory_win.cc(73)] ReadMemory at 0x75660000 of 64 bytes failed: Only part of a ReadProcessMemory or WriteProcessMemory request was completed. (0x12B)
[0423/223537.227:WARNING:pe_image_reader.cc(340)] could not read dos header from C:\Windows\system32\CRYPT32.dll
[0423/223537.227:ERROR:process_memory_win.cc(73)] ReadMemory at 0x75520000 of 64 bytes failed: Only part of a ReadProcessMemory or WriteProcessMemory request was completed. (0x12B)
[0423/223537.227:WARNING:pe_image_reader.cc(340)] could not read dos header from C:\Windows\system32\MSASN1.dll
[0423/223537.227:ERROR:process_memory_win.cc(73)] ReadMemory at 0x65840000 of 64 bytes failed: Only part of a ReadProcessMemory or WriteProcessMemory request was completed. (0x12B)
[0423/223537.227:WARNING:pe_image_reader.cc(340)] could not read dos header from C:\Windows\system32\DWrite.dll
[0423/223537.227:ERROR:process_memory_win.cc(73)] ReadMemory at 0x70e70000 of 64 bytes failed: Only part of a ReadProcessMemory or WriteProcessMemory request was completed. (0x12B)
[0423/223537.227:WARNING:pe_image_reader.cc(340)] could not read dos header from C:\Windows\system32\dxgi.dll
[0423/223537.227:ERROR:process_memory_win.cc(73)] ReadMemory at 0x73bd0000 of 64 bytes failed: Only part of a ReadProcessMemory or WriteProcessMemory request was completed. (0x12B)
[0423/223537.228:WARNING:pe_image_reader.cc(340)] could not read dos header from C:\Windows\system32\dwmapi.dll
[0423/223537.228:ERROR:process_memory_win.cc(73)] ReadMemory at 0x6f740000 of 64 bytes failed: Only part of a ReadProcessMemory or WriteProcessMemory request was completed. (0x12B)
[0423/223537.228:WARNING:pe_image_reader.cc(340)] could not read dos header from C:\Windows\system32\WINSPOOL.DRV
[0423/223537.228:ERROR:process_memory_win.cc(73)] ReadMemory at 0x6f3c0000 of 64 bytes failed: Only part of a ReadProcessMemory or WriteProcessMemory request was completed. (0x12B)
[0423/223537.228:WARNING:pe_image_reader.cc(340)] could not read dos header from C:\Windows\system32\dbghelp.dll
[0423/223537.228:ERROR:process_memory_win.cc(73)] ReadMemory at 0x774c0000 of 64 bytes failed: Only part of a ReadProcessMemory or WriteProcessMemory request was completed. (0x12B)
[0423/223537.228:WARNING:pe_image_reader.cc(340)] could not read dos header from C:\Windows\system32\COMDLG32.dll
[0423/223537.228:ERROR:process_memory_win.cc(73)] ReadMemory at 0x74370000 of 64 bytes failed: Only part of a ReadProcessMemory or WriteProcessMemory request was completed. (0x12B)
[0423/223537.228:WARNING:pe_image_reader.cc(340)] could not read dos header from C:\Windows\WinSxS\x86_microsoft.windows.common-controls_6595b64144ccf1df_6.0.7600.16385_none_421189da2b7fabfc\COMCTL32.dll
[0423/223537.228:ERROR:process_memory_win.cc(73)] ReadMemory at 0x73540000 of 64 bytes failed: Only part of a ReadProcessMemory or WriteProcessMemory request was completed. (0x12B)
[0423/223537.228:WARNING:pe_image_reader.cc(340)] could not read dos header from C:\Windows\system32\WINHTTP.dll
[0423/223537.228:ERROR:process_memory_win.cc(73)] ReadMemory at 0x734f0000 of 64 bytes failed: Only part of a ReadProcessMemory or WriteProcessMemory request was completed. (0x12B)
[0423/223537.228:WARNING:pe_image_reader.cc(340)] could not read dos header from C:\Windows\system32\webio.dll
[0423/223537.228:ERROR:process_memory_win.cc(73)] ReadMemory at 0x767c0000 of 64 bytes failed: Only part of a ReadProcessMemory or WriteProcessMemory request was completed. (0x12B)
[0423/223537.228:WARNING:pe_image_reader.cc(340)] could not read dos header from C:\Windows\system32\urlmon.dll
[0423/223537.228:ERROR:process_memory_win.cc(73)] ReadMemory at 0x757b0000 of 64 bytes failed: Only part of a ReadProcessMemory or WriteProcessMemory request was completed. (0x12B)
[0423/223537.228:WARNING:pe_image_reader.cc(340)] could not read dos header from C:\Windows\system32\iertutil.dll
[0423/223537.228:ERROR:process_memory_win.cc(73)] ReadMemory at 0x751b0000 of 64 bytes failed: Only part of a ReadProcessMemory or WriteProcessMemory request was completed. (0x12B)
[0423/223537.228:WARNING:pe_image_reader.cc(340)] could not read dos header from C:\Windows\system32\Secur32.dll
[0423/223537.229:ERROR:process_memory_win.cc(73)] ReadMemory at 0x753b0000 of 64 bytes failed: Only part of a ReadProcessMemory or WriteProcessMemory request was completed. (0x12B)
[0423/223537.229:WARNING:pe_image_reader.cc(340)] could not read dos header from C:\Windows\system32\SSPICLI.DLL
[0423/223537.229:ERROR:process_memory_win.cc(73)] ReadMemory at 0x735d0000 of 64 bytes failed: Only part of a ReadProcessMemory or WriteProcessMemory request was completed. (0x12B)
[0423/223537.229:WARNING:pe_image_reader.cc(340)] could not read dos header from C:\Windows\system32\dhcpcsvc.DLL
[0423/223537.229:ERROR:process_memory_win.cc(73)] ReadMemory at 0x75430000 of 64 bytes failed: Only part of a ReadProcessMemory or WriteProcessMemory request was completed. (0x12B)
[0423/223537.229:WARNING:pe_image_reader.cc(340)] could not read dos header from C:\Windows\system32\cryptbase.dll
[0423/223537.740:ERROR:process_memory_win.cc(73)] ReadMemory at 0x1d4000 of 49152 bytes failed: Only part of a ReadProcessMemory or WriteProcessMemory request was completed. (0x12B)
[0423/223538.672:ERROR:process_memory_win.cc(73)] ReadMemory at 0x35cf000 of 4096 bytes failed: Only part of a ReadProcessMemory or WriteProcessMemory request was completed. (0x12B)
[0423/223538.672:ERROR:process_memory_win.cc(73)] ReadMemory at 0x377d000 of 12288 bytes failed: Only part of a ReadProcessMemory or WriteProcessMemory request was completed. (0x12B)
[0423/223538.672:ERROR:process_memory_win.cc(73)] ReadMemory at 0x39cd000 of 12288 bytes failed: Only part of a ReadProcessMemory or WriteProcessMemory request was completed. (0x12B)
[0423/223538.672:ERROR:process_memory_win.cc(73)] ReadMemory at 0x389e000 of 8192 bytes failed: Only part of a ReadProcessMemory or WriteProcessMemory request was completed. (0x12B)
[0423/223538.672:ERROR:process_memory_win.cc(73)] ReadMemory at 0x34ae000 of 8192 bytes failed: Only part of a ReadProcessMemory or WriteProcessMemory request was completed. (0x12B)
[0423/223538.673:ERROR:process_memory_win.cc(73)] ReadMemory at 0x3cbd000 of 12288 bytes failed: Only part of a ReadProcessMemory or WriteProcessMemory request was completed. (0x12B)
[0423/223538.673:ERROR:process_memory_win.cc(73)] ReadMemory at 0x3e9f000 of 4096 bytes failed: Only part of a ReadProcessMemory or WriteProcessMemory request was completed. (0x12B)
[0423/223538.673:ERROR:process_memory_win.cc(73)] ReadMemory at 0x400e000 of 8192 bytes failed: Only part of a ReadProcessMemory or WriteProcessMemory request was completed. (0x12B)
[0423/223538.673:ERROR:process_memory_win.cc(73)] ReadMemory at 0x413e000 of 8192 bytes failed: Only part of a ReadProcessMemory or WriteProcessMemory request was completed. (0x12B)
[0423/223538.673:ERROR:process_memory_win.cc(73)] ReadMemory at 0x249bd000 of 12288 bytes failed: Only part of a ReadProcessMemory or WriteProcessMemory request was completed. (0x12B)
[0423/223538.673:ERROR:process_memory_win.cc(73)] ReadMemory at 0x24b58000 of 98304 bytes failed: Only part of a ReadProcessMemory or WriteProcessMemory request was completed. (0x12B)
[0423/223538.673:ERROR:process_memory_win.cc(73)] ReadMemory at 0x24c6e000 of 8192 bytes failed: Only part of a ReadProcessMemory or WriteProcessMemory request was completed. (0x12B)
[0423/223538.673:ERROR:process_memory_win.cc(73)] ReadMemory at 0x26df6000 of 40960 bytes failed: Only part of a ReadProcessMemory or WriteProcessMemory request was completed. (0x12B)
[0423/223538.747:ERROR:process_memory_win.cc(73)] ReadMemory at 0x2f59e000 of 8192 bytes failed: Only part of a ReadProcessMemory or WriteProcessMemory request was completed. (0x12B)
[0423/223538.747:ERROR:process_memory_win.cc(73)] ReadMemory at 0x3339e000 of 8192 bytes failed: Only part of a ReadProcessMemory or WriteProcessMemory request was completed. (0x12B)
[0423/223538.747:ERROR:process_memory_win.cc(73)] ReadMemory at 0xb507f0 of 3370 bytes failed: Only part of a ReadProcessMemory or WriteProcessMemory request was completed. (0x12B)
[0423/223538.747:ERROR:process_memory_win.cc(73)] ReadMemory at 0xb51528 of 660 bytes failed: Only part of a ReadProcessMemory or WriteProcessMemory request was completed. (0x12B)
[0423/223538.747:ERROR:process_memory_win.cc(73)] ReadMemory at 0xb519c8 of 766 bytes failed: Only part of a ReadProcessMemory or WriteProcessMemory request was completed. (0x12B)
[0423/223538.747:ERROR:process_memory_win.cc(73)] ReadMemory at 0xb51cc8 of 106 bytes failed: Only part of a ReadProcessMemory or WriteProcessMemory request was completed. (0x12B)
[0423/223538.747:ERROR:process_memory_win.cc(73)] ReadMemory at 0xb51d34 of 1002 bytes failed: Only part of a ReadProcessMemory or WriteProcessMemory request was completed. (0x12B)
[0423/223538.863:ERROR:process_memory_win.cc(73)] ReadMemory at 0xb52120 of 106 bytes failed: Only part of a ReadProcessMemory or WriteProcessMemory request was completed. (0x12B)
[0423/223538.863:ERROR:process_memory_win.cc(73)] ReadMemory at 0xb5218c of 94 bytes failed: Only part of a ReadProcessMemory or WriteProcessMemory request was completed. (0x12B)
[0423/223538.863:ERROR:process_memory_win.cc(73)] ReadMemory at 0xb521f8 of 58 bytes failed: Only part of a ReadProcessMemory or WriteProcessMemory request was completed. (0x12B)
[0423/223538.863:ERROR:process_memory_win.cc(73)] ReadMemory at 0xb52278 of 72 bytes failed: Only part of a ReadProcessMemory or WriteProcessMemory request was completed. (0x12B)
[0423/223538.863:ERROR:process_memory_win.cc(73)] ReadMemory at 0xb522f8 of 72 bytes failed: Only part of a ReadProcessMemory or WriteProcessMemory request was completed. (0x12B)
[0423/223539.100:ERROR:process_memory_win.cc(73)] ReadMemory at 0xb5238c of 114 bytes failed: Only part of a ReadProcessMemory or WriteProcessMemory request was completed. (0x12B)
[0423/223539.126:ERROR:process_memory_win.cc(73)] ReadMemory at 0xb52628 of 64 bytes failed: Only part of a ReadProcessMemory or WriteProcessMemory request was completed. (0x12B)
[0423/223539.126:ERROR:process_memory_win.cc(73)] ReadMemory at 0xb52678 of 72 bytes failed: Only part of a ReadProcessMemory or WriteProcessMemory request was completed. (0x12B)
[0423/223539.756:ERROR:process_memory_win.cc(73)] ReadMemory at 0xb52710 of 68 bytes failed: Only part of a ReadProcessMemory or WriteProcessMemory request was completed. (0x12B)
[0423/223540.304:ERROR:process_memory_win.cc(73)] ReadMemory at 0xb52760 of 72 bytes failed: Only part of a ReadProcessMemory or WriteProcessMemory request was completed. (0x12B)
[0423/223540.304:ERROR:process_memory_win.cc(73)] ReadMemory at 0xb531c8 of 72 bytes failed: Only part of a ReadProcessMemory or WriteProcessMemory request was completed. (0x12B)
[0423/223540.447:ERROR:process_memory_win.cc(73)] ReadMemory at 0xb53370 of 142 bytes failed: Only part of a ReadProcessMemory or WriteProcessMemory request was completed. (0x12B)
[0423/223540.447:ERROR:process_memory_win.cc(73)] ReadMemory at 0xb53408 of 72 bytes failed: Only part of a ReadProcessMemory or WriteProcessMemory request was completed. (0x12B)
[0423/223540.447:ERROR:process_memory_win.cc(73)] ReadMemory at 0xb53a18 of 60 bytes failed: Only part of a ReadProcessMemory or WriteProcessMemory request was completed. (0x12B)
[0423/223540.447:ERROR:process_memory_win.cc(73)] ReadMemory at 0xb53a60 of 72 bytes failed: Only part of a ReadProcessMemory or WriteProcessMemory request was completed. (0x12B)
[0423/223540.447:ERROR:process_memory_win.cc(73)] ReadMemory at 0xb53b98 of 62 bytes failed: Only part of a ReadProcessMemory or WriteProcessMemory request was completed. (0x12B)
[0423/223540.447:ERROR:process_memory_win.cc(73)] ReadMemory at 0xb53c40 of 62 bytes failed: Only part of a ReadProcessMemory or WriteProcessMemory request was completed. (0x12B)
[0423/223540.448:ERROR:process_memory_win.cc(73)] ReadMemory at 0xb53c88 of 72 bytes failed: Only part of a ReadProcessMemory or WriteProcessMemory request was completed. (0x12B)
[0423/223540.448:ERROR:process_memory_win.cc(73)] ReadMemory at 0xb681e0 of 62 bytes failed: Only part of a ReadProcessMemory or WriteProcessMemory request was completed. (0x12B)
[0423/223540.448:ERROR:process_memory_win.cc(73)] ReadMemory at 0xb68250 of 72 bytes failed: Only part of a ReadProcessMemory or WriteProcessMemory request was completed. (0x12B)
[0423/223540.448:ERROR:process_memory_win.cc(73)] ReadMemory at 0xb68ad0 of 58 bytes failed: Only part of a ReadProcessMemory or WriteProcessMemory request was completed. (0x12B)
[0423/223540.448:ERROR:process_memory_win.cc(73)] ReadMemory at 0xb68b18 of 72 bytes failed: Only part of a ReadProcessMemory or WriteProcessMemory request was completed. (0x12B)
[0423/223540.448:ERROR:process_memory_win.cc(73)] ReadMemory at 0xb68b98 of 60 bytes failed: Only part of a ReadProcessMemory or WriteProcessMemory request was completed. (0x12B)
[0423/223540.448:ERROR:process_memory_win.cc(73)] ReadMemory at 0xb68be0 of 72 bytes failed: Only part of a ReadProcessMemory or WriteProcessMemory request was completed. (0x12B)
[0423/223540.448:ERROR:process_memory_win.cc(73)] ReadMemory at 0xb68c60 of 54 bytes failed: Only part of a ReadProcessMemory or WriteProcessMemory request was completed. (0x12B)
[0423/223540.448:ERROR:process_memory_win.cc(73)] ReadMemory at 0xb68ca0 of 72 bytes failed: Only part of a ReadProcessMemory or WriteProcessMemory request was completed. (0x12B)
[0423/223540.448:ERROR:process_memory_win.cc(73)] ReadMemory at 0xb68d20 of 58 bytes failed: Only part of a ReadProcessMemory or WriteProcessMemory request was completed. (0x12B)
[0423/223540.448:ERROR:process_memory_win.cc(73)] ReadMemory at 0xb68d68 of 72 bytes failed: Only part of a ReadProcessMemory or WriteProcessMemory request was completed. (0x12B)
[0423/223540.448:ERROR:process_memory_win.cc(73)] ReadMemory at 0xb68de8 of 64 bytes failed: Only part of a ReadProcessMemory or WriteProcessMemory request was completed. (0x12B)
[0423/223540.448:ERROR:process_memory_win.cc(73)] ReadMemory at 0xb68e38 of 72 bytes failed: Only part of a ReadProcessMemory or WriteProcessMemory request was completed. (0x12B)
[0423/223540.449:ERROR:process_memory_win.cc(73)] ReadMemory at 0xb68eb8 of 60 bytes failed: Only part of a ReadProcessMemory or WriteProcessMemory request was completed. (0x12B)
[0423/223540.449:ERROR:process_memory_win.cc(73)] ReadMemory at 0xb68f00 of 72 bytes failed: Only part of a ReadProcessMemory or WriteProcessMemory request was completed. (0x12B)
[0423/223540.449:ERROR:process_memory_win.cc(73)] ReadMemory at 0xb68f80 of 62 bytes failed: Only part of a ReadProcessMemory or WriteProcessMemory request was completed. (0x12B)
[0423/223540.449:ERROR:process_memory_win.cc(73)] ReadMemory at 0xb68fc8 of 62 bytes failed: Only part of a ReadProcessMemory or WriteProcessMemory request was completed. (0x12B)
[0423/223540.449:ERROR:process_memory_win.cc(73)] ReadMemory at 0xb69018 of 58 bytes failed: Only part of a ReadProcessMemory or WriteProcessMemory request was completed. (0x12B)
[0423/223540.449:ERROR:process_memory_win.cc(73)] ReadMemory at 0xb69060 of 72 bytes failed: Only part of a ReadProcessMemory or WriteProcessMemory request was completed. (0x12B)
[0423/223540.449:ERROR:process_memory_win.cc(73)] ReadMemory at 0xb690e0 of 62 bytes failed: Only part of a ReadProcessMemory or WriteProcessMemory request was completed. (0x12B)
[0423/223540.449:ERROR:process_memory_win.cc(73)] ReadMemory at 0xb69128 of 72 bytes failed: Only part of a ReadProcessMemory or WriteProcessMemory request was completed. (0x12B)
[0423/223540.449:ERROR:process_memory_win.cc(73)] ReadMemory at 0xb69888 of 72 bytes failed: Only part of a ReadProcessMemory or WriteProcessMemory request was completed. (0x12B)
[0423/223540.449:ERROR:process_memory_win.cc(73)] ReadMemory at 0xb69908 of 72 bytes failed: Only part of a ReadProcessMemory or WriteProcessMemory request was completed. (0x12B)
[0423/223540.449:ERROR:process_memory_win.cc(73)] ReadMemory at 0xb69988 of 72 bytes failed: Only part of a ReadProcessMemory or WriteProcessMemory request was completed. (0x12B)
[0423/223540.699:ERROR:process_memory_win.cc(73)] ReadMemory at 0xb69a08 of 72 bytes failed: Only part of a ReadProcessMemory or WriteProcessMemory request was completed. (0x12B)
[0423/223540.699:ERROR:process_memory_win.cc(73)] ReadMemory at 0xb69a88 of 72 bytes failed: Only part of a ReadProcessMemory or WriteProcessMemory request was completed. (0x12B)
[0423/223540.699:ERROR:process_memory_win.cc(73)] ReadMemory at 0xb69b08 of 72 bytes failed: Only part of a ReadProcessMemory or WriteProcessMemory request was completed. (0x12B)
[0423/223540.699:ERROR:process_memory_win.cc(73)] ReadMemory at 0xb69b88 of 72 bytes failed: Only part of a ReadProcessMemory or WriteProcessMemory request was completed. (0x12B)
[0423/223540.699:ERROR:process_memory_win.cc(73)] ReadMemory at 0xb69c08 of 72 bytes failed: Only part of a ReadProcessMemory or WriteProcessMemory request was completed. (0x12B)
[0423/223540.699:ERROR:process_memory_win.cc(73)] ReadMemory at 0xb69c88 of 72 bytes failed: Only part of a ReadProcessMemory or WriteProcessMemory request was completed. (0x12B)
[0423/223540.699:ERROR:process_memory_win.cc(73)] ReadMemory at 0xb69d08 of 72 bytes failed: Only part of a ReadProcessMemory or WriteProcessMemory request was completed. (0x12B)
[0423/223540.699:ERROR:process_memory_win.cc(73)] ReadMemory at 0xb69d88 of 72 bytes failed: Only part of a ReadProcessMemory or WriteProcessMemory request was completed. (0x12B)
[0423/223540.700:ERROR:process_memory_win.cc(73)] ReadMemory at 0xb69e08 of 72 bytes failed: Only part of a ReadProcessMemory or WriteProcessMemory request was completed. (0x12B)
[0423/223540.700:ERROR:process_memory_win.cc(73)] ReadMemory at 0xb69e88 of 72 bytes failed: Only part of a ReadProcessMemory or WriteProcessMemory request was completed. (0x12B)
[0423/223540.700:ERROR:process_memory_win.cc(73)] ReadMemory at 0xb69f08 of 72 bytes failed: Only part of a ReadProcessMemory or WriteProcessMemory request was completed. (0x12B)
[0423/223540.700:ERROR:process_memory_win.cc(73)] ReadMemory at 0xb69f88 of 72 bytes failed: Only part of a ReadProcessMemory or WriteProcessMemory request was completed. (0x12B)
[0423/223540.700:ERROR:process_memory_win.cc(73)] ReadMemory at 0xb6a008 of 72 bytes failed: Only part of a ReadProcessMemory or WriteProcessMemory request was completed. (0x12B)
[0423/223541.201:ERROR:process_memory_win.cc(73)] ReadMemory at 0xb6a088 of 72 bytes failed: Only part of a ReadProcessMemory or WriteProcessMemory request was completed. (0x12B)
[0423/223541.201:ERROR:process_memory_win.cc(73)] ReadMemory at 0xb6a108 of 72 bytes failed: Only part of a ReadProcessMemory or WriteProcessMemory request was completed. (0x12B)
[0423/223541.330:ERROR:process_memory_win.cc(73)] ReadMemory at 0xb6a188 of 72 bytes failed: Only part of a ReadProcessMemory or WriteProcessMemory request was completed. (0x12B)
[0423/223541.330:ERROR:process_memory_win.cc(73)] ReadMemory at 0xb6a208 of 72 bytes failed: Only part of a ReadProcessMemory or WriteProcessMemory request was completed. (0x12B)
[0423/223541.331:ERROR:process_memory_win.cc(73)] ReadMemory at 0xb6a288 of 72 bytes failed: Only part of a ReadProcessMemory or WriteProcessMemory request was completed. (0x12B)
[0423/223541.331:ERROR:process_memory_win.cc(73)] ReadMemory at 0xb6a308 of 72 bytes failed: Only part of a ReadProcessMemory or WriteProcessMemory request was completed. (0x12B)
[0423/223541.455:ERROR:process_memory_win.cc(73)] ReadMemory at 0xb6a388 of 72 bytes failed: Only part of a ReadProcessMemory or WriteProcessMemory request was completed. (0x12B)
[0423/223541.455:ERROR:process_memory_win.cc(73)] ReadMemory at 0xb6a408 of 72 bytes failed: Only part of a ReadProcessMemory or WriteProcessMemory request was completed. (0x12B)
[0423/223541.556:ERROR:process_memory_win.cc(73)] ReadMemory at 0xb6a488 of 72 bytes failed: Only part of a ReadProcessMemory or WriteProcessMemory request was completed. (0x12B)
[0423/223541.612:ERROR:process_memory_win.cc(73)] ReadMemory at 0xb6a508 of 72 bytes failed: Only part of a ReadProcessMemory or WriteProcessMemory request was completed. (0x12B)
[0423/223541.757:ERROR:process_memory_win.cc(73)] ReadMemory at 0xb6a588 of 72 bytes failed: Only part of a ReadProcessMemory or WriteProcessMemory request was completed. (0x12B)
[0423/223541.757:ERROR:process_memory_win.cc(73)] ReadMemory at 0xb6a608 of 72 bytes failed: Only part of a ReadProcessMemory or WriteProcessMemory request was completed. (0x12B)
[0423/223541.757:ERROR:process_memory_win.cc(73)] ReadMemory at 0xb6a688 of 72 bytes failed: Only part of a ReadProcessMemory or WriteProcessMemory request was completed. (0x12B)
[0423/223541.757:ERROR:process_memory_win.cc(73)] ReadMemory at 0xb6bcf0 of 58 bytes failed: Only part of a ReadProcessMemory or WriteProcessMemory request was completed. (0x12B)
[0423/223541.757:ERROR:process_memory_win.cc(73)] ReadMemory at 0xb6bd38 of 58 bytes failed: Only part of a ReadProcessMemory or WriteProcessMemory request was completed. (0x12B)
[0423/223541.757:ERROR:process_memory_win.cc(73)] ReadMemory at 0xb71148 of 60 bytes failed: Only part of a ReadProcessMemory or WriteProcessMemory request was completed. (0x12B)
[0423/223541.757:ERROR:process_memory_win.cc(73)] ReadMemory at 0xb71190 of 60 bytes failed: Only part of a ReadProcessMemory or WriteProcessMemory request was completed. (0x12B)
[0423/223541.757:ERROR:process_memory_win.cc(73)] ReadMemory at 0xb711d8 of 58 bytes failed: Only part of a ReadProcessMemory or WriteProcessMemory request was completed. (0x12B)
[0423/223541.758:ERROR:process_memory_win.cc(73)] ReadMemory at 0xb71220 of 60 bytes failed: Only part of a ReadProcessMemory or WriteProcessMemory request was completed. (0x12B)
[0423/223541.758:ERROR:process_memory_win.cc(73)] ReadMemory at 0xb71268 of 62 bytes failed: Only part of a ReadProcessMemory or WriteProcessMemory request was completed. (0x12B)
[0423/223541.758:ERROR:process_memory_win.cc(73)] ReadMemory at 0xb712b0 of 60 bytes failed: Only part of a ReadProcessMemory or WriteProcessMemory request was completed. (0x12B)
[0423/223541.758:ERROR:process_memory_win.cc(73)] ReadMemory at 0xb712f8 of 60 bytes failed: Only part of a ReadProcessMemory or WriteProcessMemory request was completed. (0x12B)
[0423/223541.758:ERROR:process_memory_win.cc(73)] ReadMemory at 0xb71340 of 56 bytes failed: Only part of a ReadProcessMemory or WriteProcessMemory request was completed. (0x12B)
[0423/223541.968:ERROR:process_memory_win.cc(73)] ReadMemory at 0xb71388 of 60 bytes failed: Only part of a ReadProcessMemory or WriteProcessMemory request was completed. (0x12B)
[0423/223541.968:ERROR:process_memory_win.cc(73)] ReadMemory at 0xb713d0 of 62 bytes failed: Only part of a ReadProcessMemory or WriteProcessMemory request was completed. (0x12B)
[0423/223541.968:ERROR:process_memory_win.cc(73)] ReadMemory at 0xb71418 of 62 bytes failed: Only part of a ReadProcessMemory or WriteProcessMemory request was completed. (0x12B)
[0423/223541.968:ERROR:process_memory_win.cc(73)] ReadMemory at 0xb71460 of 58 bytes failed: Only part of a ReadProcessMemory or WriteProcessMemory request was completed. (0x12B)
[0423/223541.968:ERROR:process_memory_win.cc(73)] ReadMemory at 0xb714a8 of 60 bytes failed: Only part of a ReadProcessMemory or WriteProcessMemory request was completed. (0x12B)
[0423/223542.063:ERROR:process_memory_win.cc(73)] ReadMemory at 0xb714f0 of 62 bytes failed: Only part of a ReadProcessMemory or WriteProcessMemory request was completed. (0x12B)
[0423/223542.063:ERROR:process_memory_win.cc(73)] ReadMemory at 0xb71538 of 62 bytes failed: Only part of a ReadProcessMemory or WriteProcessMemory request was completed. (0x12B)
[0423/223542.154:ERROR:process_memory_win.cc(73)] ReadMemory at 0xb729e8 of 64 bytes failed: Only part of a ReadProcessMemory or WriteProcessMemory request was completed. (0x12B)
[0423/223542.154:ERROR:process_memory_win.cc(73)] ReadMemory at 0xb72a38 of 64 bytes failed: Only part of a ReadProcessMemory or WriteProcessMemory request was completed. (0x12B)
[0423/223542.154:ERROR:process_memory_win.cc(73)] ReadMemory at 0xb72a88 of 64 bytes failed: Only part of a ReadProcessMemory or WriteProcessMemory request was completed. (0x12B)
[0423/223542.154:ERROR:process_memory_win.cc(73)] ReadMemory at 0xb72ad8 of 146 bytes failed: Only part of a ReadProcessMemory or WriteProcessMemory request was completed. (0x12B)
[0423/223542.155:ERROR:process_memory_win.cc(73)] ReadMemory at 0xb72f78 of 54 bytes failed: Only part of a ReadProcessMemory or WriteProcessMemory request was completed. (0x12B)
[0423/223542.155:ERROR:process_memory_win.cc(73)] ReadMemory at 0xb737b8 of 64 bytes failed: Only part of a ReadProcessMemory or WriteProcessMemory request was completed. (0x12B)
[0423/223542.155:ERROR:process_memory_win.cc(73)] ReadMemory at 0xb73900 of 244 bytes failed: Only part of a ReadProcessMemory or WriteProcessMemory request was completed. (0x12B)
[0423/223542.155:ERROR:process_memory_win.cc(73)] ReadMemory at 0xb73a00 of 64 bytes failed: Only part of a ReadProcessMemory or WriteProcessMemory request was completed. (0x12B)
[0423/223542.155:ERROR:process_memory_win.cc(73)] ReadMemory at 0xb73a80 of 64 bytes failed: Only part of a ReadProcessMemory or WriteProcessMemory request was completed. (0x12B)
[0423/223542.155:ERROR:process_memory_win.cc(73)] ReadMemory at 0xb74198 of 64 bytes failed: Only part of a ReadProcessMemory or WriteProcessMemory request was completed. (0x12B)
[0423/223542.155:ERROR:process_memory_win.cc(73)] ReadMemory at 0xb833a0 of 512 bytes failed: Only part of a ReadProcessMemory or WriteProcessMemory request was completed. (0x12B)
[0423/223542.155:ERROR:process_memory_win.cc(73)] ReadMemory at 0xb835d8 of 512 bytes failed: Only part of a ReadProcessMemory or WriteProcessMemory request was completed. (0x12B)
[0423/223542.155:ERROR:process_memory_win.cc(73)] ReadMemory at 0x14e39b0 of 512 bytes failed: Only part of a ReadProcessMemory or WriteProcessMemory request was completed. (0x12B)
[0423/223542.155:ERROR:process_memory_win.cc(73)] ReadMemory at 0x14ff810 of 512 bytes failed: Only part of a ReadProcessMemory or WriteProcessMemory request was completed. (0x12B)
[0423/223542.155:ERROR:process_memory_win.cc(73)] ReadMemory at 0x17a7a48 of 512 bytes failed: Only part of a ReadProcessMemory or WriteProcessMemory request was completed. (0x12B)
[0423/223542.155:ERROR:process_memory_win.cc(73)] ReadMemory at 0x2470a0e8 of 518 bytes failed: Only part of a ReadProcessMemory or WriteProcessMemory request was completed. (0x12B)
[0423/223542.156:ERROR:process_memory_win.cc(73)] ReadMemory at 0x27a37080 of 512 bytes failed: Only part of a ReadProcessMemory or WriteProcessMemory request was completed. (0x12B)
[0423/223542.156:ERROR:process_memory_win.cc(73)] ReadMemory at 0x27bfed70 of 512 bytes failed: Only part of a ReadProcessMemory or WriteProcessMemory request was completed. (0x12B)
[0423/223542.156:ERROR:process_memory_win.cc(73)] ReadMemory at 0x27cb57f0 of 512 bytes failed: Only part of a ReadProcessMemory or WriteProcessMemory request was completed. (0x12B)
[0423/223542.371:ERROR:process_memory_win.cc(73)] ReadMemory at 0x68d4d1d1 of 512 bytes failed: Only part of a ReadProcessMemory or WriteProcessMemory request was completed. (0x12B)
[0423/223542.371:ERROR:process_memory_win.cc(73)] ReadMemory at 0x68d4df2d of 512 bytes failed: Only part of a ReadProcessMemory or WriteProcessMemory request was completed. (0x12B)
[0423/223542.371:ERROR:process_memory_win.cc(73)] ReadMemory at 0x75aa10e2 of 512 bytes failed: Only part of a ReadProcessMemory or WriteProcessMemory request was completed. (0x12B)
[0423/223542.371:ERROR:process_memory_win.cc(73)] ReadMemory at 0x7738d5be of 512 bytes failed: Only part of a ReadProcessMemory or WriteProcessMemory request was completed. (0x12B)
[0423/223542.371:ERROR:process_memory_win.cc(73)] ReadMemory at 0x7738ed7b of 897 bytes failed: Only part of a ReadProcessMemory or WriteProcessMemory request was completed. (0x12B)
[0423/223542.371:ERROR:process_memory_win.cc(73)] ReadMemory at 0x773a6474 of 512 bytes failed: Only part of a ReadProcessMemory or WriteProcessMemory request was completed. (0x12B)
[0423/223542.371:ERROR:process_memory_win.cc(73)] ReadMemory at 0x773cd4cc of 18 bytes failed: Only part of a ReadProcessMemory or WriteProcessMemory request was completed. (0x12B)
[0423/223542.371:ERROR:process_memory_win.cc(73)] ReadMemory at 0x77437340 of 24 bytes failed: Only part of a ReadProcessMemory or WriteProcessMemory request was completed. (0x12B)
[0423/223542.371:ERROR:process_memory_win.cc(73)] ReadMemory at 0x77437540 of 32 bytes failed: Only part of a ReadProcessMemory or WriteProcessMemory request was completed. (0x12B)
[0423/223542.371:ERROR:process_memory_win.cc(73)] ReadMemory at 0x77437880 of 36 bytes failed: Only part of a ReadProcessMemory or WriteProcessMemory request was completed. (0x12B)
[0423/223542.372:ERROR:process_memory_win.cc(73)] ReadMemory at 0x7ffac000 of 3992 bytes failed: Only part of a ReadProcessMemory or WriteProcessMemory request was completed. (0x12B)
[0423/223542.372:ERROR:process_memory_win.cc(73)] ReadMemory at 0x7ffad000 of 3992 bytes failed: Only part of a ReadProcessMemory or WriteProcessMemory request was completed. (0x12B)
[0423/223542.372:ERROR:process_memory_win.cc(73)] ReadMemory at 0x7ffae000 of 3992 bytes failed: Only part of a ReadProcessMemory or WriteProcessMemory request was completed. (0x12B)
[0423/223542.372:ERROR:process_memory_win.cc(73)] ReadMemory at 0x7ffaf000 of 3992 bytes failed: Only part of a ReadProcessMemory or WriteProcessMemory request was completed. (0x12B)
[0423/223542.372:ERROR:process_memory_win.cc(73)] ReadMemory at 0x7ffd3000 of 3992 bytes failed: Only part of a ReadProcessMemory or WriteProcessMemory request was completed. (0x12B)
[0423/223542.372:ERROR:process_memory_win.cc(73)] ReadMemory at 0x7ffd4000 of 3992 bytes failed: Only part of a ReadProcessMemory or WriteProcessMemory request was completed. (0x12B)
[0423/223542.543:ERROR:process_memory_win.cc(73)] ReadMemory at 0x7ffd5000 of 3992 bytes failed: Only part of a ReadProcessMemory or WriteProcessMemory request was completed. (0x12B)
[0423/223542.543:ERROR:process_memory_win.cc(73)] ReadMemory at 0x7ffd6000 of 3992 bytes failed: Only part of a ReadProcessMemory or WriteProcessMemory request was completed. (0x12B)
[0423/223542.543:ERROR:process_memory_win.cc(73)] ReadMemory at 0x7ffd7000 of 560 bytes failed: Only part of a ReadProcessMemory or WriteProcessMemory request was completed. (0x12B)
[0423/223542.543:ERROR:process_memory_win.cc(73)] ReadMemory at 0x7ffd8000 of 3992 bytes failed: Only part of a ReadProcessMemory or WriteProcessMemory request was completed. (0x12B)
[0423/223542.543:ERROR:process_memory_win.cc(73)] ReadMemory at 0x7ffd9000 of 3992 bytes failed: Only part of a ReadProcessMemory or WriteProcessMemory request was completed. (0x12B)
[0423/223542.543:ERROR:process_memory_win.cc(73)] ReadMemory at 0x7ffda000 of 3992 bytes failed: Only part of a ReadProcessMemory or WriteProcessMemory request was completed. (0x12B)
[0423/223542.543:ERROR:process_memory_win.cc(73)] ReadMemory at 0x7ffdb000 of 3992 bytes failed: Only part of a ReadProcessMemory or WriteProcessMemory request was completed. (0x12B)
[0423/223542.544:ERROR:process_memory_win.cc(73)] ReadMemory at 0x7ffdc000 of 3992 bytes failed: Only part of a ReadProcessMemory or WriteProcessMemory request was completed. (0x12B)
[0423/223542.544:ERROR:process_memory_win.cc(73)] ReadMemory at 0x7ffdd000 of 3992 bytes failed: Only part of a ReadProcessMemory or WriteProcessMemory request was completed. (0x12B)
[0423/223542.544:ERROR:process_memory_win.cc(73)] ReadMemory at 0x7ffde000 of 3992 bytes failed: Only part of a ReadProcessMemory or WriteProcessMemory request was completed. (0x12B)
[0423/223542.544:ERROR:process_memory_win.cc(73)] ReadMemory at 0x7ffdf000 of 3992 bytes failed: Only part of a ReadProcessMemory or WriteProcessMemory request was completed. (0x12B)
[0423/223543.051:WARNING:thread_snapshot_minidump.cc(89)] Snapshot X86 context support has no unit tests.
[0423/223543.051:WARNING:thread_snapshot_minidump.cc(89)] Snapshot X86 context support has no unit tests.
[0423/223543.051:WARNING:thread_snapshot_minidump.cc(89)] Snapshot X86 context support has no unit tests.
[0423/223543.051:WARNING:thread_snapshot_minidump.cc(89)] Snapshot X86 context support has no unit tests.
[0423/223543.051:WARNING:thread_snapshot_minidump.cc(89)] Snapshot X86 context support has no unit tests.
[0423/223543.052:WARNING:thread_snapshot_minidump.cc(89)] Snapshot X86 context support has no unit tests.
[0423/223543.052:WARNING:thread_snapshot_minidump.cc(89)] Snapshot X86 context support has no unit tests.
[0423/223543.052:WARNING:thread_snapshot_minidump.cc(89)] Snapshot X86 context support has no unit tests.
[0423/223543.052:WARNING:thread_snapshot_minidump.cc(89)] Snapshot X86 context support has no unit tests.
[0423/223543.052:WARNING:thread_snapshot_minidump.cc(89)] Snapshot X86 context support has no unit tests.
[0423/223543.052:WARNING:thread_snapshot_minidump.cc(89)] Snapshot X86 context support has no unit tests.
[0423/223543.052:WARNING:thread_snapshot_minidump.cc(89)] Snapshot X86 context support has no unit tests.
[0423/223543.052:WARNING:thread_snapshot_minidump.cc(89)] Snapshot X86 context support has no unit tests.
[0423/223543.052:WARNING:thread_snapshot_minidump.cc(89)] Snapshot X86 context support has no unit tests.
[0423/223543.052:WARNING:thread_snapshot_minidump.cc(89)] Snapshot X86 context support has no unit tests.
[0423/223543.052:WARNING:thread_snapshot_minidump.cc(89)] Snapshot X86 context support has no unit tests.
[0423/223542.771:ERROR:scoped_process_suspend.cc(40)] NtResumeProcess: An attempt was made to access an exiting process. (0xc000010a)
